2025-06-24 15:56:38 INFO  TC_001_AccountRegistrationTest:14 - **** Starting TC_001_AccountRegistrationTest  ****
2025-06-24 15:56:38 INFO  TC_001_AccountRegistrationTest:20 - Clicked on MyAccont Link
2025-06-24 15:56:39 INFO  TC_001_AccountRegistrationTest:23 - Clicked on Register Link
2025-06-24 15:56:39 INFO  TC_001_AccountRegistrationTest:28 - Providing customer details...
2025-06-24 15:56:40 INFO  TC_001_AccountRegistrationTest:42 - Validating expected message...
2025-06-24 15:56:41 INFO  TC_001_AccountRegistrationTest:61 - **** Finished TC_001_AccountRegistrationTest  ****
2025-06-24 15:56:53 INFO  TC_002_LoginTest:15 - **** Starting TC_002_LoginTest  ****
2025-06-24 15:56:53 INFO  TC_002_LoginTest:22 - clicked on myaccount link on the home page..
2025-06-24 15:56:53 INFO  TC_002_LoginTest:25 - clicked on login link under myaccount..
2025-06-24 15:56:53 INFO  TC_002_LoginTest:29 - Entering valid email and password..
2025-06-24 15:56:53 INFO  TC_002_LoginTest:33 - clicked on ligin button..
2025-06-24 15:56:54 INFO  TC_002_LoginTest:48 - **** Finished TC_002_LoginTest  ****
2025-06-24 17:35:39 INFO  TC_001_AccountRegistrationTest:14 - **** Starting TC_001_AccountRegistrationTest  ****
2025-06-24 17:35:40 INFO  TC_001_AccountRegistrationTest:20 - Clicked on MyAccont Link
2025-06-24 17:35:40 INFO  TC_001_AccountRegistrationTest:23 - Clicked on Register Link
2025-06-24 17:35:40 INFO  TC_001_AccountRegistrationTest:28 - Providing customer details...
2025-06-24 17:35:42 INFO  TC_001_AccountRegistrationTest:42 - Validating expected message...
2025-06-24 17:35:42 INFO  TC_001_AccountRegistrationTest:61 - **** Finished TC_001_AccountRegistrationTest  ****
2025-06-24 17:35:53 INFO  TC_002_LoginTest:15 - **** Starting TC_002_LoginTest  ****
2025-06-24 17:35:53 INFO  TC_002_LoginTest:22 - clicked on myaccount link on the home page..
2025-06-24 17:35:53 INFO  TC_002_LoginTest:25 - clicked on login link under myaccount..
2025-06-24 17:35:53 INFO  TC_002_LoginTest:29 - Entering valid email and password..
2025-06-24 17:35:53 INFO  TC_002_LoginTest:33 - clicked on ligin button..
2025-06-24 17:35:54 INFO  TC_002_LoginTest:48 - **** Finished TC_002_LoginTest  ****
